<?xml version="1.0" encoding="UTF-8"?>
<!-- Generated by org.testng.reporters.JUnitXMLReporter -->
<testsuite ignored="22" hostname="DESKTOP-SNC7HQI" failures="1" tests="3" name="Test" time="75.143" errors="0" timestamp="2024-07-30T12:21:52 IST">
  <testcase classname="Tc_repository.ORG_04" name="org_04" time="14.511">
    <failure type="org.openqa.selenium.StaleElementReferenceException" message="stale element reference: stale element not found
  (Session info: chrome=126.0.6478.185)
For documentation on this error, please visit: https://www.selenium.dev/documentation/webdriver/troubleshooting/errors#stale-element-reference-exception
Build info: version: &amp;apos;4.16.1&amp;apos;, revision: &amp;apos;9b4c83354e&amp;apos;
System info: os.name: &amp;apos;Windows 10&amp;apos;, os.arch: &amp;apos;amd64&amp;apos;, os.version: &amp;apos;10.0&amp;apos;, java.version: &amp;apos;17.0.10&amp;apos;
Driver info: org.openqa.selenium.chrome.ChromeDriver
Command: [1ea964fc649bb4454f9b60996819ba3e, clickElement {id=f.3A35714858E90EDAF273804CDFB0AE05.d.B19B6571097E638CC1BF799825A2F2C8.e.389}]
Capabilities {acceptInsecureCerts: false, browserName: chrome, browserVersion: 126.0.6478.185, chrome: {chromedriverVersion: 126.0.6478.63 (df799988fdc9..., userDataDir: C:\Users\Dell\AppData\Local...}, fedcm:accounts: true, goog:chromeOptions: {debuggerAddress: localhost:63038}, networkConnectionEnabled: false, pageLoadStrategy: normal, platformName: windows, proxy: Proxy(), se:cdp: ws://localhost:63038/devtoo..., se:cdpVersion: 126.0.6478.185, setWindowRect: true, strictFileInteractability: false, timeouts: {implicit: 0, pageLoad: 300000, script: 30000}, unhandledPromptBehavior: dismiss and notify, webauthn:extension:credBlob: true, webauthn:extension:largeBlob: true, webauthn:extension:minPinLength: true, webauthn:extension:prf: true, webauthn:virtualAuthenticators: true}
Element: [[ChromeDriver: chrome on windows (1ea964fc649bb4454f9b60996819ba3e)] -&amp;gt; xpath: //input[@title=&amp;apos;Save [Alt+S]&amp;apos;]]
Session ID: 1ea964fc649bb4454f9b60996819ba3e">
      <![CDATA[org.openqa.selenium.StaleElementReferenceException: stale element reference: stale element not found
  (Session info: chrome=126.0.6478.185)
For documentation on this error, please visit: https://www.selenium.dev/documentation/webdriver/troubleshooting/errors#stale-element-reference-exception
Build info: version: '4.16.1', revision: '9b4c83354e'
System info: os.name: 'Windows 10', os.arch: 'amd64', os.version: '10.0', java.version: '17.0.10'
Driver info: org.openqa.selenium.chrome.ChromeDriver
Command: [1ea964fc649bb4454f9b60996819ba3e, clickElement {id=f.3A35714858E90EDAF273804CDFB0AE05.d.B19B6571097E638CC1BF799825A2F2C8.e.389}]
Capabilities {acceptInsecureCerts: false, browserName: chrome, browserVersion: 126.0.6478.185, chrome: {chromedriverVersion: 126.0.6478.63 (df799988fdc9..., userDataDir: C:\Users\Dell\AppData\Local...}, fedcm:accounts: true, goog:chromeOptions: {debuggerAddress: localhost:63038}, networkConnectionEnabled: false, pageLoadStrategy: normal, platformName: windows, proxy: Proxy(), se:cdp: ws://localhost:63038/devtoo..., se:cdpVersion: 126.0.6478.185, setWindowRect: true, strictFileInteractability: false, timeouts: {implicit: 0, pageLoad: 300000, script: 30000}, unhandledPromptBehavior: dismiss and notify, webauthn:extension:credBlob: true, webauthn:extension:largeBlob: true, webauthn:extension:minPinLength: true, webauthn:extension:prf: true, webauthn:virtualAuthenticators: true}
Element: [[ChromeDriver: chrome on windows (1ea964fc649bb4454f9b60996819ba3e)] -> xpath: //input[@title='Save [Alt+S]']]
Session ID: 1ea964fc649bb4454f9b60996819ba3e
at org.openqa.selenium.remote.codec.w3c.W3CHttpResponseCodec.createException(W3CHttpResponseCodec.java:200)
at org.openqa.selenium.remote.codec.w3c.W3CHttpResponseCodec.decode(W3CHttpResponseCodec.java:133)
at org.openqa.selenium.remote.codec.w3c.W3CHttpResponseCodec.decode(W3CHttpResponseCodec.java:52)
at org.openqa.selenium.remote.HttpCommandExecutor.execute(HttpCommandExecutor.java:191)
at org.openqa.selenium.remote.service.DriverCommandExecutor.invokeExecute(DriverCommandExecutor.java:200)
at org.openqa.selenium.remote.service.DriverCommandExecutor.execute(DriverCommandExecutor.java:175)
at org.openqa.selenium.remote.RemoteWebDriver.execute(RemoteWebDriver.java:523)
at org.openqa.selenium.remote.RemoteWebElement.execute(RemoteWebElement.java:224)
at org.openqa.selenium.remote.RemoteWebElement.click(RemoteWebElement.java:77)
at org.openqa.selenium.support.pagefactory.internal.LocatingElementHandler.invoke(LocatingElementHandler.java:51)
at jdk.proxy2/jdk.proxy2.$Proxy17.click(Unknown Source)
at objectRepository.CreateOrganizationPage.createOrganization(CreateOrganizationPage.java:133)
at Tc_repository.ORG_04.org_04(ORG_04.java:38)
at java.base/java.util.ArrayList.forEach(ArrayList.java:1511)
... Removed 36 stack frames]]>
    </failure>
  </testcase> <!-- org_04 -->
  <testcase classname="Tc_repository.LE_04" name="le04Tc" time="17.946"/>
  <testcase classname="Tc_repository.LE_01" name="le01Tc" time="17.237"/>
  <testcase classname="genericLibOrUtility.Baseclass" name="@AfterSuite closedbConnection" time="0.0">
    <ignored/>
  </testcase> <!-- @AfterSuite closedbConnection -->
  <testcase classname="Tc_repository.ORG_03" name="org_03" time="0.0">
    <ignored/>
  </testcase> <!-- org_03 -->
  <testcase classname="Tc_repository.ORG_02" name="org_02" time="0.0">
    <ignored/>
  </testcase> <!-- org_02 -->
  <testcase classname="Tc_repository.ORG_01" name="org_01" time="0.0">
    <ignored/>
  </testcase> <!-- org_01 -->
  <testcase classname="genericLibOrUtility.Baseclass" name="@AfterSuite closedbConnection" time="0.0">
    <ignored/>
  </testcase> <!-- @AfterSuite closedbConnection -->
  <testcase classname="genericLibOrUtility.Baseclass" name="@AfterSuite closedbConnection" time="0.0">
    <ignored/>
  </testcase> <!-- @AfterSuite closedbConnection -->
  <testcase classname="genericLibOrUtility.Baseclass" name="@AfterSuite closedbConnection" time="0.0">
    <ignored/>
  </testcase> <!-- @AfterSuite closedbConnection -->
  <testcase classname="genericLibOrUtility.Baseclass" name="@AfterSuite closedbConnection" time="0.0">
    <ignored/>
  </testcase> <!-- @AfterSuite closedbConnection -->
  <testcase classname="genericLibOrUtility.Baseclass" name="@AfterSuite closedbConnection" time="0.0">
    <ignored/>
  </testcase> <!-- @AfterSuite closedbConnection -->
  <testcase classname="genericLibOrUtility.Baseclass" name="@AfterSuite closedbConnection" time="0.0">
    <ignored/>
  </testcase> <!-- @AfterSuite closedbConnection -->
  <testcase classname="genericLibOrUtility.Baseclass" name="@AfterSuite closedbConnection" time="0.0">
    <ignored/>
  </testcase> <!-- @AfterSuite closedbConnection -->
  <testcase classname="genericLibOrUtility.Baseclass" name="@BeforeSuite CreatedConnection" time="0.0">
    <ignored/>
  </testcase> <!-- @BeforeSuite CreatedConnection -->
  <testcase classname="genericLibOrUtility.Baseclass" name="@BeforeSuite CreatedConnection" time="0.0">
    <ignored/>
  </testcase> <!-- @BeforeSuite CreatedConnection -->
  <testcase classname="genericLibOrUtility.Baseclass" name="@BeforeSuite CreatedConnection" time="0.0">
    <ignored/>
  </testcase> <!-- @BeforeSuite CreatedConnection -->
  <testcase classname="genericLibOrUtility.Baseclass" name="@BeforeSuite CreatedConnection" time="0.0">
    <ignored/>
  </testcase> <!-- @BeforeSuite CreatedConnection -->
  <testcase classname="genericLibOrUtility.Baseclass" name="@BeforeSuite CreatedConnection" time="0.0">
    <ignored/>
  </testcase> <!-- @BeforeSuite CreatedConnection -->
  <testcase classname="genericLibOrUtility.Baseclass" name="@BeforeSuite CreatedConnection" time="0.0">
    <ignored/>
  </testcase> <!-- @BeforeSuite CreatedConnection -->
  <testcase classname="genericLibOrUtility.Baseclass" name="@BeforeSuite CreatedConnection" time="0.0">
    <ignored/>
  </testcase> <!-- @BeforeSuite CreatedConnection -->
  <testcase classname="genericLibOrUtility.Baseclass" name="@BeforeSuite CreatedConnection" time="0.0">
    <ignored/>
  </testcase> <!-- @BeforeSuite CreatedConnection -->
  <testcase classname="Tc_repository.LE_02" name="le02Tc" time="0.0">
    <ignored/>
  </testcase> <!-- le02Tc -->
  <testcase classname="Tc_repository.LE_03" name="le03Tc" time="0.0">
    <ignored/>
  </testcase> <!-- le03Tc -->
  <testcase classname="Tc_repository.CON_01" name="con_01" time="0.0">
    <ignored/>
  </testcase> <!-- con_01 -->
</testsuite> <!-- Test -->
